10:56:44.576 [main] INFO  testCases.TC001_AccountRegistrationTest - *** Starting TC001 AccountRegistrationTest ***
10:56:44.781 [main] INFO  testCases.TC001_AccountRegistrationTest - Clicked on MyAccount Link...
10:56:45.561 [main] INFO  testCases.TC001_AccountRegistrationTest - Clicked on Register Link...
10:56:45.566 [main] INFO  testCases.TC001_AccountRegistrationTest - Providing customer Details....
10:56:47.181 [main] INFO  testCases.TC001_AccountRegistrationTest - Validating expected message...
10:56:47.208 [main] ERROR testCases.TC001_AccountRegistrationTest - Test failed...
10:56:47.208 [main] DEBUG testCases.TC001_AccountRegistrationTest - Debug logs...
12:12:11.701 [main] INFO  testCases.TC001_AccountRegistrationTest - *** Starting TC001 AccountRegistrationTest ***
12:12:12.099 [main] INFO  testCases.TC001_AccountRegistrationTest - Clicked on MyAccount Link...
12:12:12.579 [main] INFO  testCases.TC001_AccountRegistrationTest - Clicked on Register Link...
12:12:12.581 [main] INFO  testCases.TC001_AccountRegistrationTest - Providing customer Details....
12:12:13.736 [main] INFO  testCases.TC001_AccountRegistrationTest - Validating expected message...
12:12:13.764 [main] INFO  testCases.TC001_AccountRegistrationTest - *** Finished  TC001 AccountRegistrationTest ***
12:12:19.598 [main] INFO  testCases.TC001_AccountRegistrationTest - *** Starting TC001 AccountRegistrationTest ***
12:12:19.689 [main] INFO  testCases.TC001_AccountRegistrationTest - Clicked on MyAccount Link...
12:12:20.120 [main] INFO  testCases.TC001_AccountRegistrationTest - Clicked on Register Link...
12:12:20.121 [main] INFO  testCases.TC001_AccountRegistrationTest - Providing customer Details....
12:12:21.436 [main] INFO  testCases.TC001_AccountRegistrationTest - Validating expected message...
12:12:21.468 [main] INFO  testCases.TC001_AccountRegistrationTest - *** Finished  TC001 AccountRegistrationTest ***
12:14:06.315 [TestNG-tests-1] INFO  testCases.TC001_AccountRegistrationTest - *** Starting TC001 AccountRegistrationTest ***
12:14:06.315 [TestNG-tests-2] INFO  testCases.TC001_AccountRegistrationTest - *** Starting TC001 AccountRegistrationTest ***
12:14:06.453 [TestNG-tests-1] INFO  testCases.TC001_AccountRegistrationTest - Clicked on MyAccount Link...
12:14:06.520 [TestNG-tests-2] INFO  testCases.TC001_AccountRegistrationTest - Clicked on MyAccount Link...
12:14:07.904 [TestNG-tests-1] INFO  testCases.TC001_AccountRegistrationTest - Clicked on Register Link...
12:14:07.905 [TestNG-tests-1] INFO  testCases.TC001_AccountRegistrationTest - Providing customer Details....
12:14:08.346 [TestNG-tests-2] INFO  testCases.TC001_AccountRegistrationTest - Clicked on Register Link...
12:14:08.348 [TestNG-tests-2] INFO  testCases.TC001_AccountRegistrationTest - Providing customer Details....
12:14:10.084 [TestNG-tests-1] INFO  testCases.TC001_AccountRegistrationTest - Validating expected message...
12:14:10.139 [TestNG-tests-1] INFO  testCases.TC001_AccountRegistrationTest - *** Finished  TC001 AccountRegistrationTest ***
12:14:10.171 [TestNG-tests-2] INFO  testCases.TC001_AccountRegistrationTest - Validating expected message...
12:14:10.220 [TestNG-tests-2] INFO  testCases.TC001_AccountRegistrationTest - *** Finished  TC001 AccountRegistrationTest ***
12:39:36.625 [TestNG-tests-2] INFO  testCases.TC001_AccountRegistrationTest - *** Starting TC001 AccountRegistrationTest ***
12:39:36.778 [TestNG-tests-2] INFO  testCases.TC001_AccountRegistrationTest - Clicked on MyAccount Link...
12:39:37.621 [TestNG-tests-2] INFO  testCases.TC001_AccountRegistrationTest - Clicked on Register Link...
12:39:37.622 [TestNG-tests-2] INFO  testCases.TC001_AccountRegistrationTest - Providing customer Details....
12:39:38.793 [TestNG-tests-1] INFO  testCases.TC001_AccountRegistrationTest - *** Starting TC001 AccountRegistrationTest ***
12:39:38.911 [TestNG-tests-2] INFO  testCases.TC001_AccountRegistrationTest - Validating expected message...
12:39:38.924 [TestNG-tests-1] INFO  testCases.TC001_AccountRegistrationTest - Clicked on MyAccount Link...
12:39:38.985 [TestNG-tests-2] INFO  testCases.TC001_AccountRegistrationTest - *** Finished  TC001 AccountRegistrationTest ***
12:39:40.872 [TestNG-tests-1] INFO  testCases.TC001_AccountRegistrationTest - Clicked on Register Link...
12:39:40.873 [TestNG-tests-1] INFO  testCases.TC001_AccountRegistrationTest - Providing customer Details....
12:39:42.491 [TestNG-tests-1] INFO  testCases.TC001_AccountRegistrationTest - Validating expected message...
12:39:42.531 [TestNG-tests-1] INFO  testCases.TC001_AccountRegistrationTest - *** Finished  TC001 AccountRegistrationTest ***
