11:36:16.357 [main] DEBUG org.testng.TestNG - suiteXmlPath: "D:\SQA Project\docker-compose.yaml"
11:37:19.154 [main] DEBUG org.testng.TestNG - suiteXmlPath: "D:\SQA Project\grid-docker.xml"
11:37:19.875 [main] INFO  org.testng.internal.Utils - [TestNG] Running:
  D:\SQA Project\grid-docker.xml

11:37:26.450 [main] INFO  testCases.TC001_AccountRegistrationTest - *** Starting TC001 AccountRegistrationTest ***
11:37:26.743 [main] INFO  testCases.TC001_AccountRegistrationTest - Clicked on MyAccount Link...
11:37:27.399 [main] INFO  testCases.TC001_AccountRegistrationTest - Clicked on Register Link...
11:37:27.404 [main] INFO  testCases.TC001_AccountRegistrationTest - Providing customer Details....
11:37:28.325 [main] INFO  testCases.TC001_AccountRegistrationTest - Validating expected message...
11:37:29.234 [main] INFO  testCases.TC001_AccountRegistrationTest - *** Finished  TC001 AccountRegistrationTest ***
11:37:31.021 [main] INFO  testCases.TC002_LoginTest - **** Starting TC_002_LoginTest***
11:37:32.899 [main] INFO  testCases.TC002_LoginTest - ***** Finished TC_002_LoginTest****
11:37:39.961 [main] INFO  testCases.TC001_AccountRegistrationTest - *** Starting TC001 AccountRegistrationTest ***
11:37:40.136 [main] INFO  testCases.TC001_AccountRegistrationTest - Clicked on MyAccount Link...
11:37:40.678 [main] INFO  testCases.TC001_AccountRegistrationTest - Clicked on Register Link...
11:37:40.678 [main] INFO  testCases.TC001_AccountRegistrationTest - Providing customer Details....
11:37:42.335 [main] INFO  testCases.TC001_AccountRegistrationTest - Validating expected message...
11:37:42.385 [main] INFO  testCases.TC001_AccountRegistrationTest - *** Finished  TC001 AccountRegistrationTest ***
11:37:47.464 [main] INFO  testCases.TC002_LoginTest - **** Starting TC_002_LoginTest***
11:37:49.319 [main] INFO  testCases.TC002_LoginTest - ***** Finished TC_002_LoginTest****
18:13:41.482 [main] DEBUG org.testng.TestNG - suiteXmlPath: "D:\SQA Project\master.xml"
18:15:59.194 [main] DEBUG org.testng.TestNG - suiteXmlPath: "D:\SQA Project\master.xml"
18:16:11.724 [main] INFO  testCases.TC001_AccountRegistrationTest - *** Starting TC001 AccountRegistrationTest ***
18:16:11.852 [main] INFO  testCases.TC001_AccountRegistrationTest - Clicked on MyAccount Link...
18:16:12.298 [main] INFO  testCases.TC001_AccountRegistrationTest - Clicked on Register Link...
18:16:12.301 [main] INFO  testCases.TC001_AccountRegistrationTest - Providing customer Details....
18:16:13.738 [main] INFO  testCases.TC001_AccountRegistrationTest - Validating expected message...
18:16:13.780 [main] INFO  testCases.TC001_AccountRegistrationTest - *** Finished  TC001 AccountRegistrationTest ***
18:16:16.321 [main] INFO  testCases.TC002_LoginTest - **** Starting TC_002_LoginTest***
18:16:17.767 [main] INFO  testCases.TC002_LoginTest - ***** Finished TC_002_LoginTest****
19:05:29.609 [main] DEBUG org.testng.TestNG - suiteXmlPath: "D:\SQA Project\master.xml"
19:05:32.767 [main] INFO  testCases.TC001_AccountRegistrationTest - *** Starting TC001 AccountRegistrationTest ***
19:05:33.161 [main] INFO  testCases.TC001_AccountRegistrationTest - Clicked on MyAccount Link...
19:05:33.611 [main] INFO  testCases.TC001_AccountRegistrationTest - Clicked on Register Link...
19:05:33.616 [main] INFO  testCases.TC001_AccountRegistrationTest - Providing customer Details....
19:05:34.857 [main] INFO  testCases.TC001_AccountRegistrationTest - Validating expected message...
19:05:34.891 [main] INFO  testCases.TC001_AccountRegistrationTest - *** Finished  TC001 AccountRegistrationTest ***
19:05:37.096 [main] INFO  testCases.TC002_LoginTest - **** Starting TC_002_LoginTest***
19:05:38.617 [main] INFO  testCases.TC002_LoginTest - ***** Finished TC_002_LoginTest****
19:38:25.816 [main] DEBUG org.testng.TestNG - suiteXmlPath: "D:\SQA Project\master.xml"
19:38:33.377 [main] INFO  testCases.TC001_AccountRegistrationTest - *** Starting TC001 AccountRegistrationTest ***
19:38:33.612 [main] INFO  testCases.TC001_AccountRegistrationTest - Clicked on MyAccount Link...
19:38:34.127 [main] INFO  testCases.TC001_AccountRegistrationTest - Clicked on Register Link...
19:38:34.129 [main] INFO  testCases.TC001_AccountRegistrationTest - Providing customer Details....
19:38:34.686 [main] INFO  testCases.TC001_AccountRegistrationTest - Validating expected message...
19:38:35.707 [main] INFO  testCases.TC001_AccountRegistrationTest - *** Finished  TC001 AccountRegistrationTest ***
19:38:37.943 [main] INFO  testCases.TC002_LoginTest - **** Starting TC_002_LoginTest***
19:38:39.429 [main] INFO  testCases.TC002_LoginTest - ***** Finished TC_002_LoginTest****
